mode: set
github.com/chanzuckerberg/s3parcp/checksum/checksum.go:14.50,19.2 2 1
github.com/chanzuckerberg/s3parcp/checksum/checksum.go:33.104,34.36 1 1
github.com/chanzuckerberg/s3parcp/checksum/checksum.go:34.36,37.17 3 1
github.com/chanzuckerberg/s3parcp/checksum/checksum.go:37.17,43.4 1 0
github.com/chanzuckerberg/s3parcp/checksum/checksum.go:43.9,50.4 2 1
github.com/chanzuckerberg/s3parcp/checksum/checksum.go:54.98,56.44 2 1
github.com/chanzuckerberg/s3parcp/checksum/checksum.go:75.2,75.24 1 1
github.com/chanzuckerberg/s3parcp/checksum/checksum.go:56.44,59.49 2 1
github.com/chanzuckerberg/s3parcp/checksum/checksum.go:73.3,73.12 1 1
github.com/chanzuckerberg/s3parcp/checksum/checksum.go:59.49,61.21 2 1
github.com/chanzuckerberg/s3parcp/checksum/checksum.go:61.21,64.30 3 1
github.com/chanzuckerberg/s3parcp/checksum/checksum.go:69.5,70.14 2 1
github.com/chanzuckerberg/s3parcp/checksum/checksum.go:64.30,66.6 1 1
github.com/chanzuckerberg/s3parcp/checksum/checksum.go:66.11,66.33 1 1
github.com/chanzuckerberg/s3parcp/checksum/checksum.go:66.33,68.6 1 0
github.com/chanzuckerberg/s3parcp/checksum/checksum.go:79.109,81.16 2 1
github.com/chanzuckerberg/s3parcp/checksum/checksum.go:84.2,87.13 3 1
github.com/chanzuckerberg/s3parcp/checksum/checksum.go:92.2,92.16 1 1
github.com/chanzuckerberg/s3parcp/checksum/checksum.go:96.2,98.22 3 1
github.com/chanzuckerberg/s3parcp/checksum/checksum.go:104.2,108.35 4 1
github.com/chanzuckerberg/s3parcp/checksum/checksum.go:112.2,112.41 1 1
github.com/chanzuckerberg/s3parcp/checksum/checksum.go:120.2,128.39 3 1
github.com/chanzuckerberg/s3parcp/checksum/checksum.go:136.2,138.22 2 1
github.com/chanzuckerberg/s3parcp/checksum/checksum.go:81.16,83.3 1 0
github.com/chanzuckerberg/s3parcp/checksum/checksum.go:87.13,89.3 1 0
github.com/chanzuckerberg/s3parcp/checksum/checksum.go:89.8,91.3 1 1
github.com/chanzuckerberg/s3parcp/checksum/checksum.go:92.16,94.3 1 0
github.com/chanzuckerberg/s3parcp/checksum/checksum.go:98.22,100.3 1 1
github.com/chanzuckerberg/s3parcp/checksum/checksum.go:100.8,102.3 1 0
github.com/chanzuckerberg/s3parcp/checksum/checksum.go:108.35,110.3 1 1
github.com/chanzuckerberg/s3parcp/checksum/checksum.go:112.41,118.3 1 1
github.com/chanzuckerberg/s3parcp/checksum/checksum.go:128.39,130.32 2 1
github.com/chanzuckerberg/s3parcp/checksum/checksum.go:133.3,133.56 1 1
github.com/chanzuckerberg/s3parcp/checksum/checksum.go:130.32,132.4 1 0
